mode: atomic
github.com/goauth/examples/fiber/main.go:15.13,35.46 4 0
github.com/goauth/examples/fiber/main.go:35.46,37.3 1 0
github.com/goauth/examples/fiber/main.go:40.2,40.46 1 0
github.com/goauth/examples/fiber/main.go:40.46,46.44 2 0
github.com/goauth/examples/fiber/main.go:46.44,48.4 1 0
github.com/goauth/examples/fiber/main.go:51.3,52.17 2 0
github.com/goauth/examples/fiber/main.go:52.17,54.4 1 0
github.com/goauth/examples/fiber/main.go:57.3,58.17 2 0
github.com/goauth/examples/fiber/main.go:58.17,60.4 1 0
github.com/goauth/examples/fiber/main.go:63.3,76.5 2 0
github.com/goauth/examples/fiber/main.go:80.2,80.47 1 0
github.com/goauth/examples/fiber/main.go:80.47,82.22 2 0
github.com/goauth/examples/fiber/main.go:82.22,84.4 1 0
github.com/goauth/examples/fiber/main.go:86.3,93.52 2 0
github.com/goauth/examples/fiber/main.go:97.2,100.35 2 0
github.com/goauth/examples/fiber/main.go:100.35,103.22 2 0
github.com/goauth/examples/fiber/main.go:103.22,105.4 1 0
github.com/goauth/examples/fiber/main.go:107.3,107.22 1 0
github.com/goauth/examples/fiber/main.go:107.22,109.60 2 0
github.com/goauth/examples/fiber/main.go:109.60,112.5 2 0
github.com/goauth/examples/fiber/main.go:116.3,116.71 1 0
github.com/goauth/examples/fiber/main.go:120.2,120.76 1 0
github.com/goauth/examples/fiber/main.go:120.76,126.3 2 0
github.com/goauth/examples/fiber/main.go:128.2,128.81 1 0
github.com/goauth/examples/fiber/main.go:128.81,130.3 1 0
github.com/goauth/examples/fiber/main.go:132.2,137.32 5 0
github.com/goauth/examples/fiber/main.go:140.56,142.37 2 0
github.com/goauth/examples/fiber/main.go:142.37,144.3 1 0
github.com/goauth/examples/fiber/main.go:145.2,145.61 1 0
github.com/goauth/examples/fiber/main.go:148.73,158.71 3 0
github.com/goauth/examples/fiber/main.go:158.71,160.3 1 0
github.com/goauth/examples/fiber/main.go:162.2,162.68 1 0
github.com/goauth/examples/nethttp/main.go:20.13,43.57 3 0
github.com/goauth/examples/nethttp/main.go:43.57,45.4 1 0
github.com/goauth/examples/nethttp/main.go:46.57,48.4 1 0
github.com/goauth/examples/nethttp/main.go:52.2,79.58 12 0
github.com/goauth/examples/nethttp/main.go:79.58,81.3 1 0
github.com/goauth/examples/nethttp/main.go:84.60,86.2 1 0
github.com/goauth/examples/nethttp/main.go:88.59,89.33 1 0
github.com/goauth/examples/nethttp/main.go:89.33,92.3 2 0
github.com/goauth/examples/nethttp/main.go:94.2,99.61 2 0
github.com/goauth/examples/nethttp/main.go:99.61,102.3 2 0
github.com/goauth/examples/nethttp/main.go:105.2,106.16 2 0
github.com/goauth/examples/nethttp/main.go:106.16,110.3 3 0
github.com/goauth/examples/nethttp/main.go:113.2,121.16 3 0
github.com/goauth/examples/nethttp/main.go:121.16,124.3 2 0
github.com/goauth/examples/nethttp/main.go:126.2,130.4 2 0
github.com/goauth/examples/nethttp/main.go:133.61,142.2 3 0
github.com/goauth/examples/nethttp/main.go:144.59,152.2 3 0
github.com/goauth/examples/nethttp/main.go:154.61,162.2 3 0
github.com/goauth/examples/nethttp/main.go:165.78,177.13 3 0
github.com/goauth/examples/nethttp/main.go:177.13,179.3 1 0
github.com/goauth/examples/nethttp/main.go:182.2,182.60 1 0
github.com/goauth/examples/nethttp/main.go:182.60,184.3 1 0
github.com/goauth/examples/nethttp/main.go:186.2,186.68 1 0
github.com/goauth/examples/gin/main.go:19.13,40.40 7 0
github.com/goauth/examples/gin/main.go:40.40,42.3 1 0
github.com/goauth/examples/gin/main.go:44.2,49.2 4 0
github.com/goauth/examples/gin/main.go:49.2,53.3 3 0
github.com/goauth/examples/gin/main.go:55.2,60.16 5 0
github.com/goauth/examples/gin/main.go:63.103,64.30 1 0
github.com/goauth/examples/gin/main.go:64.30,69.33 3 0
github.com/goauth/examples/gin/main.go:69.33,71.38 2 0
github.com/goauth/examples/gin/main.go:71.38,75.5 3 0
github.com/goauth/examples/gin/main.go:79.3,79.32 1 0
github.com/goauth/examples/gin/main.go:79.32,81.38 2 0
github.com/goauth/examples/gin/main.go:81.38,85.5 3 0
github.com/goauth/examples/gin/main.go:89.3,89.17 1 0
github.com/goauth/examples/gin/main.go:89.17,90.59 1 0
github.com/goauth/examples/gin/main.go:90.59,93.5 2 0
github.com/goauth/examples/gin/main.go:97.3,99.5 1 0
github.com/goauth/examples/gin/main.go:103.35,109.47 2 0
github.com/goauth/examples/gin/main.go:109.47,112.3 2 0
github.com/goauth/examples/gin/main.go:114.2,115.16 2 0
github.com/goauth/examples/gin/main.go:115.16,118.3 2 0
github.com/goauth/examples/gin/main.go:120.2,128.16 3 0
github.com/goauth/examples/gin/main.go:128.16,131.3 2 0
github.com/goauth/examples/gin/main.go:133.2,136.4 1 0
github.com/goauth/examples/gin/main.go:139.37,145.2 2 0
github.com/goauth/examples/gin/main.go:147.35,153.2 2 0
github.com/goauth/examples/gin/main.go:155.38,162.2 2 0
github.com/goauth/examples/gin/main.go:164.78,175.71 3 0
github.com/goauth/examples/gin/main.go:175.71,177.3 1 0
github.com/goauth/examples/gin/main.go:179.2,179.68 1 0
github.com/goauth/adapters/chi.go:17.62,19.2 1 0
github.com/goauth/adapters/chi.go:23.67,25.2 1 0
github.com/goauth/adapters/chi.go:28.68,30.2 1 0
github.com/goauth/adapters/chi.go:33.79,35.2 1 0
github.com/goauth/adapters/chi.go:38.85,40.2 1 0
github.com/goauth/adapters/chi.go:43.86,45.2 1 0
github.com/goauth/adapters/chi.go:48.91,50.2 1 0
github.com/goauth/adapters/chi.go:54.58,56.2 1 0
github.com/goauth/adapters/chi.go:59.104,60.47 1 0
github.com/goauth/adapters/chi.go:60.47,61.33 1 0
github.com/goauth/adapters/chi.go:61.33,63.4 1 0
github.com/goauth/adapters/fiber.go:21.88,26.2 1 0
github.com/goauth/adapters/fiber.go:29.51,30.34 1 0
github.com/goauth/adapters/fiber.go:30.34,34.17 3 0
github.com/goauth/adapters/fiber.go:34.17,38.4 1 0
github.com/goauth/adapters/fiber.go:41.3,42.21 2 0
github.com/goauth/adapters/fiber.go:42.21,43.67 1 0
github.com/goauth/adapters/fiber.go:43.67,47.5 1 0
github.com/goauth/adapters/fiber.go:48.4,50.6 1 0
github.com/goauth/adapters/fiber.go:53.3,53.23 1 0
github.com/goauth/adapters/fiber.go:53.23,54.31 1 0
github.com/goauth/adapters/fiber.go:54.31,56.5 1 0
github.com/goauth/adapters/fiber.go:56.10,60.5 1 0
github.com/goauth/adapters/fiber.go:64.3,65.18 2 0
github.com/goauth/adapters/fiber.go:70.81,74.2 1 0
github.com/goauth/adapters/fiber.go:77.39,78.34 1 0
github.com/goauth/adapters/fiber.go:78.34,80.55 2 0
github.com/goauth/adapters/fiber.go:80.55,84.4 1 0
github.com/goauth/adapters/fiber.go:85.3,85.18 1 0
github.com/goauth/adapters/fiber.go:90.50,91.34 1 0
github.com/goauth/adapters/fiber.go:91.34,93.55 2 0
github.com/goauth/adapters/fiber.go:93.55,97.4 1 0
github.com/goauth/adapters/fiber.go:98.3,98.31 1 0
github.com/goauth/adapters/fiber.go:98.31,102.4 1 0
github.com/goauth/adapters/fiber.go:103.3,103.18 1 0
github.com/goauth/adapters/fiber.go:108.56,109.34 1 0
github.com/goauth/adapters/fiber.go:109.34,111.55 2 0
github.com/goauth/adapters/fiber.go:111.55,115.4 1 0
github.com/goauth/adapters/fiber.go:116.3,116.35 1 0
github.com/goauth/adapters/fiber.go:116.35,120.4 1 0
github.com/goauth/adapters/fiber.go:121.3,121.18 1 0
github.com/goauth/adapters/fiber.go:126.57,127.34 1 0
github.com/goauth/adapters/fiber.go:127.34,129.55 2 0
github.com/goauth/adapters/fiber.go:129.55,133.4 1 0
github.com/goauth/adapters/fiber.go:134.3,134.36 1 0
github.com/goauth/adapters/fiber.go:134.36,138.4 1 0
github.com/goauth/adapters/fiber.go:139.3,139.18 1 0
github.com/goauth/adapters/fiber.go:144.62,145.34 1 0
github.com/goauth/adapters/fiber.go:145.34,147.55 2 0
github.com/goauth/adapters/fiber.go:147.55,151.4 1 0
github.com/goauth/adapters/fiber.go:152.3,152.43 1 0
github.com/goauth/adapters/fiber.go:152.43,156.4 1 0
github.com/goauth/adapters/fiber.go:157.3,157.18 1 0
github.com/goauth/adapters/fiber.go:162.57,163.74 1 0
github.com/goauth/adapters/fiber.go:163.74,165.3 1 0
github.com/goauth/adapters/fiber.go:166.2,166.12 1 0
github.com/goauth/adapters/fiber.go:170.67,172.2 1 0
github.com/goauth/adapters/gin.go:18.84,23.2 1 0
github.com/goauth/adapters/gin.go:26.51,27.30 1 0
github.com/goauth/adapters/gin.go:27.30,30.17 2 0
github.com/goauth/adapters/gin.go:30.17,31.63 1 0
github.com/goauth/adapters/gin.go:31.63,36.5 2 0
github.com/goauth/adapters/gin.go:37.4,40.10 2 0
github.com/goauth/adapters/gin.go:43.3,43.23 1 0
github.com/goauth/adapters/gin.go:43.23,44.31 1 0
github.com/goauth/adapters/gin.go:44.31,46.5 1 0
github.com/goauth/adapters/gin.go:46.10,51.5 2 0
github.com/goauth/adapters/gin.go:55.3,56.11 2 0
github.com/goauth/adapters/gin.go:61.78,64.2 1 0
github.com/goauth/adapters/gin.go:67.39,68.30 1 0
github.com/goauth/adapters/gin.go:68.30,70.55 2 0
github.com/goauth/adapters/gin.go:70.55,75.4 2 0
github.com/goauth/adapters/gin.go:76.3,76.11 1 0
github.com/goauth/adapters/gin.go:81.50,82.30 1 0
github.com/goauth/adapters/gin.go:82.30,84.55 2 0
github.com/goauth/adapters/gin.go:84.55,89.4 2 0
github.com/goauth/adapters/gin.go:90.3,90.31 1 0
github.com/goauth/adapters/gin.go:90.31,95.4 2 0
github.com/goauth/adapters/gin.go:96.3,96.11 1 0
github.com/goauth/adapters/gin.go:101.56,102.30 1 0
github.com/goauth/adapters/gin.go:102.30,104.55 2 0
github.com/goauth/adapters/gin.go:104.55,109.4 2 0
github.com/goauth/adapters/gin.go:110.3,110.35 1 0
github.com/goauth/adapters/gin.go:110.35,115.4 2 0
github.com/goauth/adapters/gin.go:116.3,116.11 1 0
github.com/goauth/adapters/gin.go:121.57,122.30 1 0
github.com/goauth/adapters/gin.go:122.30,124.55 2 0
github.com/goauth/adapters/gin.go:124.55,129.4 2 0
github.com/goauth/adapters/gin.go:130.3,130.36 1 0
github.com/goauth/adapters/gin.go:130.36,135.4 2 0
github.com/goauth/adapters/gin.go:136.3,136.11 1 0
github.com/goauth/adapters/gin.go:141.62,142.30 1 0
github.com/goauth/adapters/gin.go:142.30,144.55 2 0
github.com/goauth/adapters/gin.go:144.55,149.4 2 0
github.com/goauth/adapters/gin.go:150.3,150.43 1 0
github.com/goauth/adapters/gin.go:150.43,155.4 2 0
github.com/goauth/adapters/gin.go:156.3,156.11 1 0
github.com/goauth/adapters/gin.go:161.57,162.57 1 0
github.com/goauth/adapters/gin.go:162.57,163.49 1 0
github.com/goauth/adapters/gin.go:163.49,165.4 1 0
github.com/goauth/adapters/gin.go:167.2,167.12 1 0
github.com/goauth/adapters/gin.go:171.67,173.2 1 0
github.com/goauth/adapters/nethttp.go:18.70,20.2 1 0
github.com/goauth/adapters/nethttp.go:23.71,25.2 1 0
github.com/goauth/adapters/nethttp.go:28.72,30.2 1 0
github.com/goauth/adapters/nethttp.go:33.83,35.2 1 0
github.com/goauth/adapters/nethttp.go:38.89,40.2 1 0
github.com/goauth/adapters/nethttp.go:43.90,45.2 1 0
github.com/goauth/adapters/nethttp.go:48.95,50.2 1 0
github.com/goauth/adapters/nethttp.go:53.66,55.2 1 0
github.com/goauth/adapters/nethttp.go:58.62,60.2 1 0
github.com/goauth/adapters/nethttp.go:63.105,65.45 2 0
github.com/goauth/adapters/nethttp.go:65.45,67.3 1 0
github.com/goauth/adapters/nethttp.go:68.2,68.10 1 0
github.com/goauth/auth.go:14.59,15.42 1 0
github.com/goauth/auth.go:15.42,17.54 1 0
github.com/goauth/auth.go:21.2,26.3 2 0
github.com/goauth/auth.go:30.56,32.2 1 0
github.com/goauth/auth.go:35.32,37.2 1 0
github.com/goauth/auth.go:40.44,42.2 1 0
github.com/goauth/auth.go:45.66,48.39 2 0
github.com/goauth/auth.go:48.39,50.44 1 0
github.com/goauth/auth.go:50.44,51.12 1 0
github.com/goauth/auth.go:55.3,55.28 1 0
github.com/goauth/auth.go:55.28,56.12 1 0
github.com/goauth/auth.go:59.3,60.17 2 0
github.com/goauth/auth.go:60.17,63.52 2 0
github.com/goauth/auth.go:63.52,64.43 1 0
github.com/goauth/auth.go:64.43,66.6 1 0
github.com/goauth/auth.go:68.4,68.12 1 0
github.com/goauth/auth.go:71.3,71.23 1 0
github.com/goauth/auth.go:71.23,73.35 1 0
github.com/goauth/auth.go:73.35,80.5 1 0
github.com/goauth/auth.go:81.4,81.25 1 0
github.com/goauth/auth.go:86.2,86.22 1 0
github.com/goauth/auth.go:86.22,87.34 1 0
github.com/goauth/auth.go:87.34,93.4 1 0
github.com/goauth/auth.go:94.3,94.24 1 0
github.com/goauth/auth.go:98.2,98.30 1 0
github.com/goauth/auth.go:98.30,100.3 1 0
github.com/goauth/auth.go:102.2,102.25 1 0
github.com/goauth/auth.go:106.52,107.41 1 0
github.com/goauth/auth.go:107.41,109.3 1 0
github.com/goauth/auth.go:110.2,110.52 1 0
github.com/goauth/auth.go:110.52,111.22 1 0
github.com/goauth/auth.go:111.22,113.4 1 0
github.com/goauth/auth.go:115.2,115.14 1 0
github.com/goauth/auth.go:119.92,120.47 1 0
github.com/goauth/auth.go:120.47,122.3 1 0
github.com/goauth/auth.go:124.2,125.32 2 0
github.com/goauth/auth.go:125.32,127.3 1 0
github.com/goauth/auth.go:129.2,132.32 2 0
github.com/goauth/auth.go:132.32,133.31 1 0
github.com/goauth/auth.go:133.31,134.24 1 0
github.com/goauth/auth.go:134.24,136.10 2 0
github.com/goauth/auth.go:142.2,142.30 1 0
github.com/goauth/auth.go:142.30,143.50 1 0
github.com/goauth/auth.go:143.50,145.4 1 0
github.com/goauth/auth.go:148.2,148.15 1 0
github.com/goauth/auth.go:152.42,154.15 2 0
github.com/goauth/auth.go:154.15,155.33 1 0
github.com/goauth/auth.go:155.33,156.21 1 0
github.com/goauth/auth.go:156.21,158.5 1 0
github.com/goauth/auth.go:160.3,160.13 1 0
github.com/goauth/auth.go:162.2,162.49 1 0
github.com/goauth/auth.go:162.49,164.3 1 0
github.com/goauth/auth.go:165.2,165.21 1 0
github.com/goauth/authenticator.go:35.37,37.2 1 0
github.com/goauth/authenticator.go:40.71,45.2 1 0
github.com/goauth/authenticator.go:48.61,53.2 1 0
github.com/goauth/config.go:145.29,169.2 1 0
github.com/goauth/config.go:172.35,174.31 1 0
github.com/goauth/config.go:174.31,175.30 1 0
github.com/goauth/config.go:176.34,178.57 1 0
github.com/goauth/config.go:178.58,180.5 0 0
github.com/goauth/config.go:181.61,183.57 1 0
github.com/goauth/config.go:183.58,185.5 0 0
github.com/goauth/config.go:189.2,189.12 1 0
github.com/goauth/errors.go:32.36,34.2 1 0
github.com/goauth/errors.go:37.57,40.2 2 0
github.com/goauth/errors.go:43.35,46.2 2 0
github.com/goauth/errors.go:49.54,53.2 3 0
github.com/goauth/errors.go:108.78,114.2 1 0
github.com/goauth/errors.go:117.34,120.2 2 0
github.com/goauth/errors.go:123.41,124.41 1 0
github.com/goauth/errors.go:124.41,126.3 1 0
github.com/goauth/errors.go:127.2,127.12 1 0
github.com/goauth/errors.go:131.70,137.2 1 0
github.com/goauth/errors.go:145.54,147.2 1 0
github.com/goauth/errors.go:150.39,153.2 2 0
github.com/goauth/principal.go:30.29,37.2 1 1
github.com/goauth/principal.go:40.41,48.2 1 7
github.com/goauth/principal.go:52.59,55.2 2 4
github.com/goauth/principal.go:58.71,61.2 2 1
github.com/goauth/principal.go:64.68,65.23 1 2
github.com/goauth/principal.go:65.23,67.3 1 0
github.com/goauth/principal.go:68.2,69.10 2 2
github.com/goauth/principal.go:73.47,74.35 1 19
github.com/goauth/principal.go:74.35,76.3 1 1
github.com/goauth/principal.go:77.2,78.28 2 18
github.com/goauth/principal.go:78.28,79.26 1 30
github.com/goauth/principal.go:79.26,81.4 1 12
github.com/goauth/principal.go:83.2,83.14 1 6
github.com/goauth/principal.go:87.53,88.54 1 5
github.com/goauth/principal.go:88.54,90.3 1 2
github.com/goauth/principal.go:91.2,91.29 1 3
github.com/goauth/principal.go:91.29,92.22 1 5
github.com/goauth/principal.go:92.22,94.4 1 2
github.com/goauth/principal.go:96.2,96.14 1 1
github.com/goauth/principal.go:100.54,101.35 1 5
github.com/goauth/principal.go:101.35,103.3 1 1
github.com/goauth/principal.go:104.2,104.29 1 4
github.com/goauth/principal.go:104.29,105.23 1 7
github.com/goauth/principal.go:105.23,107.4 1 1
github.com/goauth/principal.go:109.2,109.13 1 3
github.com/goauth/principal.go:113.59,114.41 1 6
github.com/goauth/principal.go:114.41,116.3 1 1
github.com/goauth/principal.go:117.2,118.37 2 5
github.com/goauth/principal.go:118.37,119.29 1 8
github.com/goauth/principal.go:119.29,121.4 1 3
github.com/goauth/principal.go:123.2,123.14 1 2
github.com/goauth/principal.go:127.44,129.2 1 1
github.com/goauth/principal.go:133.49,134.35 1 4
github.com/goauth/principal.go:134.35,136.3 1 1
github.com/goauth/principal.go:137.2,137.24 1 3
github.com/goauth/principal.go:141.46,142.21 1 11
github.com/goauth/principal.go:142.21,144.3 1 2
github.com/goauth/principal.go:146.2,149.29 3 9
github.com/goauth/principal.go:149.29,151.23 2 23
github.com/goauth/principal.go:151.23,152.12 1 2
github.com/goauth/principal.go:154.3,154.24 1 21
github.com/goauth/principal.go:154.24,157.4 2 19
github.com/goauth/principal.go:160.2,160.15 1 9
github.com/goauth/principal.go:164.40,166.2 1 0
github.com/goauth/principal.go:169.46,171.2 1 6
github.com/goauth/middleware/guards.go:13.52,14.46 1 1
github.com/goauth/middleware/guards.go:14.46,15.72 1 1
github.com/goauth/middleware/guards.go:15.72,17.56 2 3
github.com/goauth/middleware/guards.go:17.56,20.5 2 2
github.com/goauth/middleware/guards.go:21.4,21.24 1 1
github.com/goauth/middleware/guards.go:27.63,28.46 1 1
github.com/goauth/middleware/guards.go:28.46,29.72 1 1
github.com/goauth/middleware/guards.go:29.72,31.56 2 3
github.com/goauth/middleware/guards.go:31.56,34.5 2 1
github.com/goauth/middleware/guards.go:36.4,36.32 1 2
github.com/goauth/middleware/guards.go:36.32,39.5 2 1
github.com/goauth/middleware/guards.go:41.4,41.24 1 1
github.com/goauth/middleware/guards.go:47.69,48.46 1 1
github.com/goauth/middleware/guards.go:48.46,49.72 1 1
github.com/goauth/middleware/guards.go:49.72,51.56 2 4
github.com/goauth/middleware/guards.go:51.56,54.5 2 0
github.com/goauth/middleware/guards.go:56.4,56.36 1 4
github.com/goauth/middleware/guards.go:56.36,59.5 2 1
github.com/goauth/middleware/guards.go:61.4,61.24 1 3
github.com/goauth/middleware/guards.go:67.70,68.46 1 1
github.com/goauth/middleware/guards.go:68.46,69.72 1 1
github.com/goauth/middleware/guards.go:69.72,71.56 2 4
github.com/goauth/middleware/guards.go:71.56,74.5 2 0
github.com/goauth/middleware/guards.go:76.4,76.37 1 4
github.com/goauth/middleware/guards.go:76.37,79.5 2 2
github.com/goauth/middleware/guards.go:81.4,81.24 1 2
github.com/goauth/middleware/guards.go:87.75,88.46 1 1
github.com/goauth/middleware/guards.go:88.46,89.72 1 1
github.com/goauth/middleware/guards.go:89.72,91.56 2 3
github.com/goauth/middleware/guards.go:91.56,94.5 2 0
github.com/goauth/middleware/guards.go:96.4,96.44 1 3
github.com/goauth/middleware/guards.go:96.44,99.5 2 2
github.com/goauth/middleware/guards.go:101.4,101.24 1 1
github.com/goauth/middleware/guards.go:107.64,108.46 1 0
github.com/goauth/middleware/guards.go:108.46,109.72 1 0
github.com/goauth/middleware/guards.go:109.72,111.24 2 0
github.com/goauth/middleware/guards.go:111.24,114.5 2 0
github.com/goauth/middleware/guards.go:116.4,116.25 1 0
github.com/goauth/middleware/guards.go:116.25,119.5 2 0
github.com/goauth/middleware/guards.go:121.4,121.24 1 0
github.com/goauth/middleware/guards.go:127.92,128.46 1 1
github.com/goauth/middleware/guards.go:128.46,129.46 1 1
github.com/goauth/middleware/guards.go:129.46,131.4 1 2
github.com/goauth/middleware/guards.go:132.3,132.14 1 1
github.com/goauth/middleware/guards.go:137.33,138.48 1 1
github.com/goauth/middleware/guards.go:138.48,139.32 1 2
github.com/goauth/middleware/guards.go:139.32,140.25 1 4
github.com/goauth/middleware/guards.go:140.25,142.5 1 1
github.com/goauth/middleware/guards.go:144.3,144.14 1 1
github.com/goauth/middleware/guards.go:149.32,150.48 1 1
github.com/goauth/middleware/guards.go:150.48,151.32 1 3
github.com/goauth/middleware/guards.go:151.32,152.24 1 5
github.com/goauth/middleware/guards.go:152.24,154.5 1 2
github.com/goauth/middleware/guards.go:156.3,156.15 1 1
github.com/goauth/middleware/guards.go:161.29,162.48 1 1
github.com/goauth/middleware/guards.go:162.48,164.3 1 2
github.com/goauth/middleware/guards.go:168.33,169.48 1 5
github.com/goauth/middleware/guards.go:169.48,171.3 1 11
github.com/goauth/middleware/guards.go:175.40,176.48 1 0
github.com/goauth/middleware/guards.go:176.48,178.3 1 0
github.com/goauth/middleware/guards.go:182.41,183.48 1 0
github.com/goauth/middleware/guards.go:183.48,185.3 1 0
github.com/goauth/middleware/guards.go:189.45,190.48 1 0
github.com/goauth/middleware/guards.go:190.48,192.3 1 0
github.com/goauth/middleware/guards.go:196.30,197.48 1 0
github.com/goauth/middleware/guards.go:197.48,199.3 1 0
github.com/goauth/middleware/middleware.go:30.72,31.33 1 2
github.com/goauth/middleware/middleware.go:31.33,33.3 1 2
github.com/goauth/middleware/middleware.go:37.56,38.33 1 3
github.com/goauth/middleware/middleware.go:38.33,40.3 1 3
github.com/goauth/middleware/middleware.go:44.64,45.33 1 0
github.com/goauth/middleware/middleware.go:45.33,47.3 1 0
github.com/goauth/middleware/middleware.go:51.64,52.33 1 0
github.com/goauth/middleware/middleware.go:52.33,54.3 1 0
github.com/goauth/middleware/middleware.go:58.62,59.33 1 0
github.com/goauth/middleware/middleware.go:59.33,61.3 1 0
github.com/goauth/middleware/middleware.go:65.66,71.27 2 4
github.com/goauth/middleware/middleware.go:71.27,73.3 1 5
github.com/goauth/middleware/middleware.go:76.2,76.64 1 4
github.com/goauth/middleware/middleware.go:76.64,78.3 1 1
github.com/goauth/middleware/middleware.go:80.2,80.10 1 4
github.com/goauth/middleware/middleware.go:84.66,85.71 1 4
github.com/goauth/middleware/middleware.go:85.71,88.17 2 4
github.com/goauth/middleware/middleware.go:88.17,90.26 1 0
github.com/goauth/middleware/middleware.go:90.26,97.5 1 0
github.com/goauth/middleware/middleware.go:99.4,100.22 2 0
github.com/goauth/middleware/middleware.go:100.22,102.5 1 0
github.com/goauth/middleware/middleware.go:103.4,104.10 2 0
github.com/goauth/middleware/middleware.go:107.3,107.23 1 4
github.com/goauth/middleware/middleware.go:107.23,108.31 1 2
github.com/goauth/middleware/middleware.go:108.31,110.5 1 1
github.com/goauth/middleware/middleware.go:110.10,113.5 2 1
github.com/goauth/middleware/middleware.go:117.3,117.52 1 3
github.com/goauth/middleware/middleware.go:117.52,124.4 1 0
github.com/goauth/middleware/middleware.go:127.3,128.40 2 3
github.com/goauth/middleware/middleware.go:133.83,136.39 2 4
github.com/goauth/middleware/middleware.go:136.39,138.44 1 2
github.com/goauth/middleware/middleware.go:138.44,139.12 1 0
github.com/goauth/middleware/middleware.go:143.3,143.28 1 2
github.com/goauth/middleware/middleware.go:143.28,144.12 1 0
github.com/goauth/middleware/middleware.go:147.3,148.17 2 2
github.com/goauth/middleware/middleware.go:148.17,151.59 2 0
github.com/goauth/middleware/middleware.go:151.59,153.50 1 0
github.com/goauth/middleware/middleware.go:153.50,155.6 1 0
github.com/goauth/middleware/middleware.go:157.4,157.12 1 0
github.com/goauth/middleware/middleware.go:160.3,160.23 1 2
github.com/goauth/middleware/middleware.go:160.23,162.4 1 2
github.com/goauth/middleware/middleware.go:166.2,166.22 1 2
github.com/goauth/middleware/middleware.go:166.22,168.3 1 0
github.com/goauth/middleware/middleware.go:171.2,171.17 1 2
github.com/goauth/middleware/middleware.go:175.62,176.41 1 2
github.com/goauth/middleware/middleware.go:176.41,178.3 1 2
github.com/goauth/middleware/middleware.go:180.2,180.52 1 0
github.com/goauth/middleware/middleware.go:180.52,181.22 1 0
github.com/goauth/middleware/middleware.go:181.22,183.4 1 0
github.com/goauth/middleware/middleware.go:185.2,185.14 1 0
github.com/goauth/middleware/middleware.go:189.66,190.79 1 22
github.com/goauth/middleware/middleware.go:190.79,192.3 1 21
github.com/goauth/middleware/middleware.go:193.2,193.12 1 1
github.com/goauth/middleware/middleware.go:197.62,199.2 1 20
github.com/goauth/middleware/middleware.go:202.85,204.2 1 18
github.com/goauth/middleware/middleware.go:207.89,209.2 1 1
github.com/goauth/middleware/middleware.go:212.97,214.32 2 1
github.com/goauth/middleware/middleware.go:214.32,216.3 1 2
github.com/goauth/middleware/middleware.go:219.2,222.32 2 1
github.com/goauth/middleware/middleware.go:222.32,223.31 1 2
github.com/goauth/middleware/middleware.go:223.31,224.24 1 3
github.com/goauth/middleware/middleware.go:224.24,226.10 2 2
github.com/goauth/middleware/middleware.go:232.2,232.30 1 1
github.com/goauth/middleware/middleware.go:232.30,233.50 1 2
github.com/goauth/middleware/middleware.go:233.50,235.4 1 0
github.com/goauth/middleware/middleware.go:238.2,238.15 1 1
github.com/goauth/middleware/middleware.go:242.42,245.15 2 0
github.com/goauth/middleware/middleware.go:245.15,247.33 1 0
github.com/goauth/middleware/middleware.go:247.33,248.21 1 0
github.com/goauth/middleware/middleware.go:248.21,250.5 1 0
github.com/goauth/middleware/middleware.go:252.3,252.13 1 0
github.com/goauth/middleware/middleware.go:256.2,256.49 1 0
github.com/goauth/middleware/middleware.go:256.49,258.3 1 0
github.com/goauth/middleware/middleware.go:261.2,261.21 1 0
github.com/goauth/providers/basic.go:23.77,24.32 1 3
github.com/goauth/providers/basic.go:24.32,26.3 1 3
github.com/goauth/providers/basic.go:30.42,31.32 1 1
github.com/goauth/providers/basic.go:31.32,33.3 1 1
github.com/goauth/providers/basic.go:37.62,38.32 1 0
github.com/goauth/providers/basic.go:38.32,40.3 1 0
github.com/goauth/providers/basic.go:44.59,49.27 2 7
github.com/goauth/providers/basic.go:49.27,51.3 1 4
github.com/goauth/providers/basic.go:53.2,53.10 1 7
github.com/goauth/providers/basic.go:57.39,59.2 1 1
github.com/goauth/providers/basic.go:62.56,65.2 2 4
github.com/goauth/providers/basic.go:68.82,70.9 2 4
github.com/goauth/providers/basic.go:70.9,72.3 1 2
github.com/goauth/providers/basic.go:75.2,75.26 1 2
github.com/goauth/providers/basic.go:75.26,77.40 2 0
github.com/goauth/providers/basic.go:77.40,83.4 1 0
github.com/goauth/providers/basic.go:87.2,87.23 1 2
github.com/goauth/providers/basic.go:87.23,89.3 1 0
github.com/goauth/providers/basic.go:91.2,92.36 2 2
github.com/goauth/providers/basic.go:92.36,94.27 1 1
github.com/goauth/providers/basic.go:94.27,97.4 2 0
github.com/goauth/providers/basic.go:98.3,98.37 1 1
github.com/goauth/providers/basic.go:102.2,102.26 1 1
github.com/goauth/providers/basic.go:102.26,105.3 2 0
github.com/goauth/providers/basic.go:107.2,107.23 1 1
github.com/goauth/providers/basic.go:111.98,113.16 2 4
github.com/goauth/providers/basic.go:113.16,115.3 1 1
github.com/goauth/providers/basic.go:117.2,118.62 2 3
github.com/goauth/providers/basic.go:118.62,120.3 1 0
github.com/goauth/providers/basic.go:122.2,123.16 2 3
github.com/goauth/providers/basic.go:123.16,125.3 1 1
github.com/goauth/providers/basic.go:127.2,128.27 2 2
github.com/goauth/providers/basic.go:128.27,130.3 1 0
github.com/goauth/providers/basic.go:132.2,132.45 1 2
github.com/goauth/providers/basic.go:136.40,138.2 1 1
github.com/goauth/providers/basic.go:141.43,144.15 2 0
github.com/goauth/providers/basic.go:144.15,146.46 1 0
github.com/goauth/providers/basic.go:146.46,148.4 1 0
github.com/goauth/providers/basic.go:149.3,149.32 1 0
github.com/goauth/providers/basic.go:153.2,154.50 2 0
github.com/goauth/providers/basic.go:154.50,156.3 1 0
github.com/goauth/providers/basic.go:157.2,157.13 1 0
github.com/goauth/providers/basic.go:162.44,164.2 1 4
github.com/goauth/providers/basic.go:178.56,182.2 1 0
github.com/goauth/providers/basic.go:186.89,191.2 1 0
github.com/goauth/providers/basic.go:195.94,197.13 2 0
github.com/goauth/providers/basic.go:197.13,199.3 1 0
github.com/goauth/providers/basic.go:203.2,203.55 1 0
github.com/goauth/providers/basic.go:203.55,205.3 1 0
github.com/goauth/providers/basic.go:207.2,209.23 3 0
github.com/goauth/providers/bearer.go:31.45,32.33 1 4
github.com/goauth/providers/bearer.go:32.33,34.3 1 4
github.com/goauth/providers/bearer.go:38.53,39.33 1 0
github.com/goauth/providers/bearer.go:39.33,41.3 1 0
github.com/goauth/providers/bearer.go:45.53,46.33 1 0
github.com/goauth/providers/bearer.go:46.33,48.19 2 0
github.com/goauth/providers/bearer.go:48.19,50.4 1 0
github.com/goauth/providers/bearer.go:51.3,52.17 2 0
github.com/goauth/providers/bearer.go:52.17,54.4 1 0
github.com/goauth/providers/bearer.go:55.3,55.45 1 0
github.com/goauth/providers/bearer.go:55.45,57.4 1 0
github.com/goauth/providers/bearer.go:62.47,63.33 1 0
github.com/goauth/providers/bearer.go:63.33,65.3 1 0
github.com/goauth/providers/bearer.go:69.70,70.33 1 1
github.com/goauth/providers/bearer.go:70.33,72.3 1 1
github.com/goauth/providers/bearer.go:76.58,77.33 1 0
github.com/goauth/providers/bearer.go:77.33,79.3 1 0
github.com/goauth/providers/bearer.go:83.62,91.27 2 7
github.com/goauth/providers/bearer.go:91.27,93.3 1 5
github.com/goauth/providers/bearer.go:96.2,96.22 1 7
github.com/goauth/providers/bearer.go:96.22,98.3 1 7
github.com/goauth/providers/bearer.go:100.2,100.10 1 7
github.com/goauth/providers/bearer.go:104.40,106.2 1 1
github.com/goauth/providers/bearer.go:109.57,112.2 2 5
github.com/goauth/providers/bearer.go:115.83,117.17 2 5
github.com/goauth/providers/bearer.go:117.17,119.3 1 1
github.com/goauth/providers/bearer.go:122.2,123.36 2 4
github.com/goauth/providers/bearer.go:123.36,125.3 1 1
github.com/goauth/providers/bearer.go:128.2,128.29 1 3
github.com/goauth/providers/bearer.go:128.29,130.3 1 1
github.com/goauth/providers/bearer.go:133.2,133.16 1 2
github.com/goauth/providers/bearer.go:133.16,135.3 1 2
github.com/goauth/providers/bearer.go:137.2,137.35 1 0
github.com/goauth/providers/bearer.go:141.63,143.16 2 5
github.com/goauth/providers/bearer.go:143.16,145.3 1 1
github.com/goauth/providers/bearer.go:147.2,148.63 2 4
github.com/goauth/providers/bearer.go:148.63,150.3 1 0
github.com/goauth/providers/bearer.go:152.2,152.36 1 4
github.com/goauth/providers/bearer.go:156.85,159.16 2 4
github.com/goauth/providers/bearer.go:159.16,160.42 1 3
github.com/goauth/providers/bearer.go:160.42,162.4 1 1
github.com/goauth/providers/bearer.go:163.3,163.36 1 2
github.com/goauth/providers/bearer.go:166.2,166.18 1 1
github.com/goauth/providers/bearer.go:166.18,168.3 1 0
github.com/goauth/providers/bearer.go:171.2,172.9 2 1
github.com/goauth/providers/bearer.go:172.9,174.3 1 0
github.com/goauth/providers/bearer.go:177.2,177.27 1 1
github.com/goauth/providers/bearer.go:177.27,179.29 2 0
github.com/goauth/providers/bearer.go:179.29,181.4 1 0
github.com/goauth/providers/bearer.go:185.2,185.32 1 1
github.com/goauth/providers/bearer.go:185.32,187.43 2 0
github.com/goauth/providers/bearer.go:187.43,189.4 1 0
github.com/goauth/providers/bearer.go:193.2,193.34 1 1
github.com/goauth/providers/bearer.go:193.34,195.3 1 0
github.com/goauth/providers/bearer.go:198.2,198.39 1 1
github.com/goauth/providers/bearer.go:202.96,205.62 2 1
github.com/goauth/providers/bearer.go:205.62,206.31 1 1
github.com/goauth/providers/bearer.go:206.31,208.9 2 1
github.com/goauth/providers/bearer.go:212.2,212.18 1 1
github.com/goauth/providers/bearer.go:212.18,214.3 1 0
github.com/goauth/providers/bearer.go:216.2,219.73 2 1
github.com/goauth/providers/bearer.go:219.73,220.31 1 1
github.com/goauth/providers/bearer.go:220.31,223.9 3 1
github.com/goauth/providers/bearer.go:228.2,228.74 1 1
github.com/goauth/providers/bearer.go:228.74,229.31 1 4
github.com/goauth/providers/bearer.go:229.31,232.9 3 0
github.com/goauth/providers/bearer.go:237.2,237.27 1 1
github.com/goauth/providers/bearer.go:237.27,239.97 1 3
github.com/goauth/providers/bearer.go:239.97,240.12 1 3
github.com/goauth/providers/bearer.go:242.3,242.31 1 0
github.com/goauth/providers/bearer.go:245.2,245.23 1 1
github.com/goauth/providers/bearer.go:249.80,251.28 1 2
github.com/goauth/providers/bearer.go:252.33,253.28 1 2
github.com/goauth/providers/bearer.go:253.28,255.4 1 0
github.com/goauth/providers/bearer.go:256.3,256.26 1 2
github.com/goauth/providers/bearer.go:257.33,258.25 1 0
github.com/goauth/providers/bearer.go:258.25,260.4 1 0
github.com/goauth/providers/bearer.go:261.3,261.26 1 0
github.com/goauth/providers/bearer.go:262.10,263.78 1 0
github.com/goauth/providers/bearer.go:268.49,269.25 1 1
github.com/goauth/providers/bearer.go:270.16,271.13 1 0
github.com/goauth/providers/bearer.go:272.21,274.28 2 1
github.com/goauth/providers/bearer.go:274.28,275.34 1 2
github.com/goauth/providers/bearer.go:275.34,277.5 1 2
github.com/goauth/providers/bearer.go:279.3,279.16 1 1
github.com/goauth/providers/bearer.go:280.14,282.29 1 0
github.com/goauth/providers/bearer.go:283.10,284.13 1 0
github.com/goauth/providers/bearer.go:289.38,290.22 1 0
github.com/goauth/providers/bearer.go:290.22,291.23 1 0
github.com/goauth/providers/bearer.go:291.23,292.14 1 0
github.com/goauth/providers/bearer.go:292.14,294.5 1 0
github.com/goauth/providers/bearer.go:297.2,297.14 1 0
github.com/goauth/providers/session.go:25.36,27.2 1 2
github.com/goauth/providers/session.go:30.51,34.31 4 1
github.com/goauth/providers/session.go:34.31,36.3 1 0
github.com/goauth/providers/session.go:37.2,37.18 1 1
github.com/goauth/providers/session.go:69.57,70.34 1 4
github.com/goauth/providers/session.go:70.34,72.3 1 4
github.com/goauth/providers/session.go:76.48,77.34 1 0
github.com/goauth/providers/session.go:77.34,79.3 1 0
github.com/goauth/providers/session.go:83.48,84.34 1 0
github.com/goauth/providers/session.go:84.34,86.3 1 0
github.com/goauth/providers/session.go:90.54,91.34 1 1
github.com/goauth/providers/session.go:91.34,93.3 1 1
github.com/goauth/providers/session.go:97.67,98.34 1 0
github.com/goauth/providers/session.go:98.34,103.3 4 0
github.com/goauth/providers/session.go:107.65,114.27 2 7
github.com/goauth/providers/session.go:114.27,116.3 1 5
github.com/goauth/providers/session.go:119.2,119.20 1 7
github.com/goauth/providers/session.go:119.20,121.3 1 3
github.com/goauth/providers/session.go:123.2,123.10 1 7
github.com/goauth/providers/session.go:127.41,129.2 1 1
github.com/goauth/providers/session.go:132.58,134.38 1 3
github.com/goauth/providers/session.go:134.38,136.3 1 1
github.com/goauth/providers/session.go:139.2,140.41 2 2
github.com/goauth/providers/session.go:144.84,146.21 2 3
github.com/goauth/providers/session.go:146.21,148.3 1 0
github.com/goauth/providers/session.go:150.2,151.16 2 3
github.com/goauth/providers/session.go:151.16,153.3 1 0
github.com/goauth/providers/session.go:155.2,155.20 1 3
github.com/goauth/providers/session.go:155.20,157.3 1 1
github.com/goauth/providers/session.go:159.2,159.25 1 2
github.com/goauth/providers/session.go:159.25,163.3 2 1
github.com/goauth/providers/session.go:165.2,165.35 1 1
github.com/goauth/providers/session.go:169.68,171.66 1 3
github.com/goauth/providers/session.go:171.66,173.3 1 0
github.com/goauth/providers/session.go:176.2,177.38 2 3
github.com/goauth/providers/session.go:177.38,179.3 1 3
github.com/goauth/providers/session.go:181.2,181.11 1 0
github.com/goauth/providers/session.go:185.88,196.45 2 4
github.com/goauth/providers/session.go:196.45,198.3 1 0
github.com/goauth/providers/session.go:200.2,200.21 1 4
github.com/goauth/providers/session.go:204.66,206.2 1 1
github.com/goauth/providers/session.go:210.80,212.2 1 1
github.com/goauth/providers/session.go:215.85,226.44 2 0
github.com/goauth/providers/session.go:227.16,228.44 1 0
github.com/goauth/providers/session.go:229.14,230.42 1 0
github.com/goauth/providers/session.go:231.10,232.41 1 0
github.com/goauth/providers/session.go:235.2,235.27 1 0
github.com/goauth/providers/session.go:239.69,250.2 2 0
github.com/goauth/providers/session.go:253.48,255.2 1 0
github.com/goauth/providers/session.go:264.50,268.2 1 8
github.com/goauth/providers/session.go:271.63,276.13 4 6
github.com/goauth/providers/session.go:276.13,278.3 1 2
github.com/goauth/providers/session.go:281.2,282.26 2 4
github.com/goauth/providers/session.go:286.58,294.2 5 6
github.com/goauth/providers/session.go:297.54,303.2 4 2
github.com/goauth/providers/session.go:306.69,311.13 4 1
github.com/goauth/providers/session.go:311.13,313.3 1 0
github.com/goauth/providers/session.go:316.2,330.24 4 1
github.com/goauth/providers/session.go:334.40,339.38 4 1
github.com/goauth/providers/session.go:339.38,340.36 1 2
github.com/goauth/providers/session.go:340.36,342.4 1 1
github.com/goauth/providers/session.go:347.42,351.2 3 4
github.com/goauth/security/security.go:15.44,17.2 1 5
github.com/goauth/security/security.go:20.49,22.2 1 0
github.com/goauth/security/security.go:27.54,29.44 2 2
github.com/goauth/security/security.go:29.44,31.3 1 0
github.com/goauth/security/security.go:32.2,32.54 1 2
github.com/goauth/security/security.go:36.57,38.44 2 1
github.com/goauth/security/security.go:38.44,40.3 1 0
github.com/goauth/security/security.go:41.2,41.39 1 1
github.com/goauth/security/security.go:45.52,47.16 2 2
github.com/goauth/security/security.go:47.16,49.3 1 0
github.com/goauth/security/security.go:50.2,50.26 1 2
github.com/goauth/security/security.go:54.70,56.16 2 0
github.com/goauth/security/security.go:56.16,58.3 1 0
github.com/goauth/security/security.go:59.2,59.26 1 0
github.com/goauth/security/security.go:64.49,67.2 2 2
github.com/goauth/security/security.go:70.54,72.44 2 2
github.com/goauth/security/security.go:72.44,74.3 1 0
github.com/goauth/security/security.go:75.2,75.19 1 2
github.com/goauth/security/security.go:80.56,81.30 1 3
github.com/goauth/security/security.go:81.30,83.3 1 2
github.com/goauth/security/security.go:84.2,84.59 1 1
github.com/goauth/security/security.go:88.37,89.21 1 3
github.com/goauth/security/security.go:89.21,91.3 1 2
github.com/goauth/security/security.go:92.2,92.49 1 1
